Using pre-set license
Built from '2020.3/staging' branch; Version is '2020.3.11f1 (99c7afb366b3) revision 10078127'; Using compiler version '192528614'; Build Type 'Release'
OS: 'Windows 10 Home; OS build 18362.1082; Version 1903; 64bit' Language: 'en' Physical Memory: 16249 MB
BatchMode: 1, IsHumanControllingUs: 0, StartBugReporterOnCrash: 0, Is64bit: 1, IsPro: 0

 COMMAND LINE ARGUMENTS:
C:\Program Files\Unity\Hub\Editor\2020.3.11f1\Editor\Unity.exe
-adb2
-batchMode
-noUpm
-name
AssetImportWorker2
-projectPath
D:/Unity Games/2153125_Imraan Arenz_Exam Game
-logFile
Logs/AssetImportWorker2.log
-srvPort
62807
Successfully changed project path to: D:/Unity Games/2153125_Imraan Arenz_Exam Game
D:/Unity Games/2153125_Imraan Arenz_Exam Game
Using Asset Import Pipeline V2.
Refreshing native plugins compatible for Editor in 65.64 ms, found 3 plugins.
Preloading 0 native plugins for Editor in 0.00 ms.
Initialize engine version: 2020.3.11f1 (99c7afb366b3)
[Subsystems] Discovering subsystems at path C:/Program Files/Unity/Hub/Editor/2020.3.11f1/Editor/Data/Resources/UnitySubsystems
[Subsystems] Discovering subsystems at path D:/Unity Games/2153125_Imraan Arenz_Exam Game/Assets
GfxDevice: creating device client; threaded=0
Direct3D:
    Version:  Direct3D 11.0 [level 11.1]
    Renderer: NVIDIA GeForce GTX 1060 with Max-Q Design (ID=0x1c20)
    Vendor:   
    VRAM:     6052 MB
    Driver:   27.21.14.5167
Initialize mono
Mono path[0] = 'C:/Program Files/Unity/Hub/Editor/2020.3.11f1/Editor/Data/Managed'
Mono path[1] = 'C:/Program Files/Unity/Hub/Editor/2020.3.11f1/Editor/Data/MonoBleedingEdge/lib/mono/unityjit'
Mono config path = 'C:/Program Files/Unity/Hub/Editor/2020.3.11f1/Editor/Data/MonoBleedingEdge/etc'
Using monoOptions --debugger-agent=transport=dt_socket,embedding=1,server=y,suspend=n,address=127.0.0.1:56756
Begin MonoManager ReloadAssembly
Registering precompiled unity dll's ...
Register platform support module: C:/Program Files/Unity/Hub/Editor/2020.3.11f1/Editor/Data/PlaybackEngines/WebGLSupport/UnityEditor.WebGL.Extensions.dll
Register platform support module: C:/Program Files/Unity/Hub/Editor/2020.3.11f1/Editor/Data/PlaybackEngines/WindowsStandaloneSupport/UnityEditor.WindowsStandalone.Extensions.dll
Register platform support module: C:/Program Files/Unity/Hub/Editor/2020.3.11f1/Editor/Data/PlaybackEngines/LinuxStandaloneSupport/UnityEditor.LinuxStandalone.Extensions.dll
Registered in 0.006629 seconds.
Native extension for LinuxStandalone target not found
Native extension for WindowsStandalone target not found
Native extension for WebGL target not found
Refreshing native plugins compatible for Editor in 65.97 ms, found 3 plugins.
Preloading 0 native plugins for Editor in 0.00 ms.
Mono: successfully reloaded assembly
- Completed reload, in  3.390 seconds
Platform modules already initialized, skipping
Registering precompiled user dll's ...
Registered in 0.008671 seconds.
Begin MonoManager ReloadAssembly
Native extension for LinuxStandalone target not found
Native extension for WindowsStandalone target not found
Native extension for WebGL target not found
Refreshing native plugins compatible for Editor in 54.44 ms, found 3 plugins.
Preloading 0 native plugins for Editor in 0.00 ms.
Mono: successfully reloaded assembly
- Completed reload, in  1.665 seconds
Platform modules already initialized, skipping
========================================================================
Worker process is ready to serve import requests
Launched and connected shader compiler UnityShaderCompiler.exe after 0.12 seconds
Refreshing native plugins compatible for Editor in 0.79 ms, found 3 plugins.
Preloading 0 native plugins for Editor in 0.00 ms.
Unloading 2234 Unused Serialized files (Serialized files now loaded: 0)
System memory in use before: 97.7 MB.
System memory in use after: 97.8 MB.

Unloading 29 unused Assets to reduce memory usage. Loaded Objects now: 2674.
Total: 2.900100 ms (FindLiveObjects: 0.226800 ms CreateObjectMapping: 0.097400 ms MarkObjects: 2.459300 ms  DeleteObjects: 0.115500 ms)

========================================================================
Received Import Request.
  path: Assets/Prefabs/Task Prefabs/Mop Floor.prefab
  artifactKey: Guid(b3bd5833a1cb0174983eab05d16ac853) Importer(815301076,1909f56bfc062723c751e8b465ee728b)
Start importing Assets/Prefabs/Task Prefabs/Mop Floor.prefab using Guid(b3bd5833a1cb0174983eab05d16ac853) Importer(815301076,1909f56bfc062723c751e8b465ee728b)  -> (artifact id: '127717ac05ca230f08e4ea7f43f393b1') in 0.215333 seconds
  Import took 0.280032 seconds .

========================================================================
Received Import Request.
  Time since last request: 22.688117 seconds.
  path: Assets/Prefabs/Task Prefabs/Punch Out.prefab
  artifactKey: Guid(18ca86c1ebc7b3648a4fbc6b96dc72bf) Importer(815301076,1909f56bfc062723c751e8b465ee728b)
Start importing Assets/Prefabs/Task Prefabs/Punch Out.prefab using Guid(18ca86c1ebc7b3648a4fbc6b96dc72bf) Importer(815301076,1909f56bfc062723c751e8b465ee728b)  -> (artifact id: '30d4b14e19a9a2fba8a4b1c098cbe9fd') in 0.148059 seconds
  Import took 0.179666 seconds .

========================================================================
Received Import Request.
  Time since last request: 16.045887 seconds.
  path: Assets/Scenes/Tasks.unity
  artifactKey: Guid(c0f67dbc74e8da34889c3afc7e0ff150) Importer(815301076,1909f56bfc062723c751e8b465ee728b)
Start importing Assets/Scenes/Tasks.unity using Guid(c0f67dbc74e8da34889c3afc7e0ff150) Importer(815301076,1909f56bfc062723c751e8b465ee728b)  -> (artifact id: '054ffd02f53bc5f3f5c9c6c3401c9d7d') in 0.006627 seconds
  Import took 0.038294 seconds .

========================================================================
Received Import Request.
  Time since last request: 541.485781 seconds.
  path: Assets/Scripts/Tasks/SpillScript.cs
  artifactKey: Guid(f166c1a3dc1c4d24d8ebbe6112e57946) Importer(815301076,1909f56bfc062723c751e8b465ee728b)
Start importing Assets/Scripts/Tasks/SpillScript.cs using Guid(f166c1a3dc1c4d24d8ebbe6112e57946) Importer(815301076,1909f56bfc062723c751e8b465ee728b)  -> (artifact id: 'f31a872e96a29353cccee6cce8d1f81f') in 0.036240 seconds
  Import took 0.063171 seconds .

========================================================================
Received Prepare
Registering precompiled user dll's ...
Registered in 0.074664 seconds.
Begin MonoManager ReloadAssembly
Native extension for LinuxStandalone target not found
Native extension for WindowsStandalone target not found
Native extension for WebGL target not found
Refreshing native plugins compatible for Editor in 1.10 ms, found 3 plugins.
Preloading 0 native plugins for Editor in 0.00 ms.
Mono: successfully reloaded assembly
- Completed reload, in  1.576 seconds
Platform modules already initialized, skipping
Refreshing native plugins compatible for Editor in 0.68 ms, found 3 plugins.
Preloading 0 native plugins for Editor in 0.00 ms.
Unloading 2222 Unused Serialized files (Serialized files now loaded: 0)
System memory in use before: 100.2 MB.
System memory in use after: 100.3 MB.

Unloading 18 unused Assets to reduce memory usage. Loaded Objects now: 2684.
Total: 3.039500 ms (FindLiveObjects: 0.409200 ms CreateObjectMapping: 0.119400 ms MarkObjects: 2.488000 ms  DeleteObjects: 0.021700 ms)

========================================================================
Received Prepare
Registering precompiled user dll's ...
Registered in 0.008659 seconds.
Begin MonoManager ReloadAssembly
Native extension for LinuxStandalone target not found
Native extension for WindowsStandalone target not found
Native extension for WebGL target not found
Refreshing native plugins compatible for Editor in 0.74 ms, found 3 plugins.
Preloading 0 native plugins for Editor in 0.00 ms.
Mono: successfully reloaded assembly
- Completed reload, in  1.478 seconds
Platform modules already initialized, skipping
Refreshing native plugins compatible for Editor in 0.51 ms, found 3 plugins.
Preloading 0 native plugins for Editor in 0.00 ms.
Unloading 2222 Unused Serialized files (Serialized files now loaded: 0)
System memory in use before: 100.2 MB.
System memory in use after: 100.4 MB.

Unloading 18 unused Assets to reduce memory usage. Loaded Objects now: 2687.
Total: 3.174300 ms (FindLiveObjects: 0.213800 ms CreateObjectMapping: 0.089000 ms MarkObjects: 2.829700 ms  DeleteObjects: 0.040300 ms)

========================================================================
Received Import Request.
  Time since last request: 673.027976 seconds.
  path: Assets/Prefabs/Task Prefabs/MopFloorTask.prefab
  artifactKey: Guid(bee7fce782021ae4d9ca201667f9ef2b) Importer(815301076,1909f56bfc062723c751e8b465ee728b)
Start importing Assets/Prefabs/Task Prefabs/MopFloorTask.prefab using Guid(bee7fce782021ae4d9ca201667f9ef2b) Importer(815301076,1909f56bfc062723c751e8b465ee728b)  -> (artifact id: '310eca4fa26c8400991b64462d19e0b9') in 0.090249 seconds
  Import took 0.110064 seconds .

========================================================================
Received Import Request.
  Time since last request: 5.013337 seconds.
  path: Assets/Scenes/Main Level.unity
  artifactKey: Guid(2cda990e2423bbf4892e6590ba056729) Importer(815301076,1909f56bfc062723c751e8b465ee728b)
Start importing Assets/Scenes/Main Level.unity using Guid(2cda990e2423bbf4892e6590ba056729) Importer(815301076,1909f56bfc062723c751e8b465ee728b)  -> (artifact id: '572faa62b182fb10090264b274cb8beb') in 0.022175 seconds
  Import took 0.084990 seconds .

========================================================================
Received Import Request.
  Time since last request: 42.886706 seconds.
  path: Assets/Scenes/Tasks.unity
  artifactKey: Guid(c0f67dbc74e8da34889c3afc7e0ff150) Importer(815301076,1909f56bfc062723c751e8b465ee728b)
Start importing Assets/Scenes/Tasks.unity using Guid(c0f67dbc74e8da34889c3afc7e0ff150) Importer(815301076,1909f56bfc062723c751e8b465ee728b)  -> (artifact id: 'c05be94f6c749c0634f54a245ac90303') in 0.008358 seconds
  Import took 0.044698 seconds .

========================================================================
Received Prepare
Registering precompiled user dll's ...
Registered in 0.008609 seconds.
Begin MonoManager ReloadAssembly
Native extension for LinuxStandalone target not found
Native extension for WindowsStandalone target not found
Native extension for WebGL target not found
Refreshing native plugins compatible for Editor in 0.58 ms, found 3 plugins.
Preloading 0 native plugins for Editor in 0.00 ms.
Mono: successfully reloaded assembly
- Completed reload, in  1.873 seconds
Platform modules already initialized, skipping
Refreshing native plugins compatible for Editor in 0.68 ms, found 3 plugins.
Preloading 0 native plugins for Editor in 0.00 ms.
Unloading 2222 Unused Serialized files (Serialized files now loaded: 0)
System memory in use before: 100.3 MB.
System memory in use after: 100.4 MB.

Unloading 19 unused Assets to reduce memory usage. Loaded Objects now: 2690.
Total: 6.388800 ms (FindLiveObjects: 0.562500 ms CreateObjectMapping: 0.294600 ms MarkObjects: 5.469400 ms  DeleteObjects: 0.057000 ms)

========================================================================
Received Prepare
Registering precompiled user dll's ...
Registered in 0.014460 seconds.
Begin MonoManager ReloadAssembly
Native extension for LinuxStandalone target not found
Native extension for WindowsStandalone target not found
Native extension for WebGL target not found
Refreshing native plugins compatible for Editor in 0.90 ms, found 3 plugins.
Preloading 0 native plugins for Editor in 0.00 ms.
Mono: successfully reloaded assembly
- Completed reload, in  2.347 seconds
Platform modules already initialized, skipping
Refreshing native plugins compatible for Editor in 1.28 ms, found 3 plugins.
Preloading 0 native plugins for Editor in 0.00 ms.
Unloading 2222 Unused Serialized files (Serialized files now loaded: 0)
System memory in use before: 100.3 MB.
System memory in use after: 100.5 MB.

Unloading 18 unused Assets to reduce memory usage. Loaded Objects now: 2693.
Total: 6.106600 ms (FindLiveObjects: 0.373400 ms CreateObjectMapping: 0.118200 ms MarkObjects: 5.571600 ms  DeleteObjects: 0.041700 ms)

========================================================================
Received Import Request.
  Time since last request: 595.009883 seconds.
  path: Assets/Prefabs/Task Prefabs/ScanOut.prefab
  artifactKey: Guid(c123d575ee3fe6b4388d6a8cd19abf88) Importer(815301076,1909f56bfc062723c751e8b465ee728b)
Start importing Assets/Prefabs/Task Prefabs/ScanOut.prefab using Guid(c123d575ee3fe6b4388d6a8cd19abf88) Importer(815301076,1909f56bfc062723c751e8b465ee728b)  -> (artifact id: '66993bbc4b21320dc818e763a261e5a2') in 0.292185 seconds
  Import took 0.299393 seconds .

========================================================================
Received Prepare
Registering precompiled user dll's ...
Registered in 0.008918 seconds.
Begin MonoManager ReloadAssembly
Native extension for LinuxStandalone target not found
Native extension for WindowsStandalone target not found
Native extension for WebGL target not found
Refreshing native plugins compatible for Editor in 0.85 ms, found 3 plugins.
Preloading 0 native plugins for Editor in 0.00 ms.
Mono: successfully reloaded assembly
- Completed reload, in  1.674 seconds
Platform modules already initialized, skipping
Refreshing native plugins compatible for Editor in 1.08 ms, found 3 plugins.
Preloading 0 native plugins for Editor in 0.00 ms.
Unloading 2222 Unused Serialized files (Serialized files now loaded: 0)
System memory in use before: 100.3 MB.
System memory in use after: 100.4 MB.

Unloading 19 unused Assets to reduce memory usage. Loaded Objects now: 2696.
Total: 3.964900 ms (FindLiveObjects: 0.219400 ms CreateObjectMapping: 0.076500 ms MarkObjects: 3.622000 ms  DeleteObjects: 0.045800 ms)

========================================================================
Received Prepare
Registering precompiled user dll's ...
Registered in 0.007847 seconds.
Begin MonoManager ReloadAssembly
Native extension for LinuxStandalone target not found
Native extension for WindowsStandalone target not found
Native extension for WebGL target not found
Refreshing native plugins compatible for Editor in 0.55 ms, found 3 plugins.
Preloading 0 native plugins for Editor in 0.00 ms.
Mono: successfully reloaded assembly
- Completed reload, in  1.587 seconds
Platform modules already initialized, skipping
Refreshing native plugins compatible for Editor in 0.66 ms, found 3 plugins.
Preloading 0 native plugins for Editor in 0.00 ms.
Unloading 2222 Unused Serialized files (Serialized files now loaded: 0)
System memory in use before: 100.4 MB.
System memory in use after: 100.5 MB.

Unloading 18 unused Assets to reduce memory usage. Loaded Objects now: 2699.
Total: 4.514300 ms (FindLiveObjects: 0.400300 ms CreateObjectMapping: 0.225800 ms MarkObjects: 3.843100 ms  DeleteObjects: 0.043300 ms)

========================================================================
Received Prepare
Registering precompiled user dll's ...
Registered in 0.009433 seconds.
Begin MonoManager ReloadAssembly
Native extension for LinuxStandalone target not found
Native extension for WindowsStandalone target not found
Native extension for WebGL target not found
Refreshing native plugins compatible for Editor in 0.61 ms, found 3 plugins.
Preloading 0 native plugins for Editor in 0.00 ms.
Mono: successfully reloaded assembly
- Completed reload, in  1.681 seconds
Platform modules already initialized, skipping
Refreshing native plugins compatible for Editor in 0.78 ms, found 3 plugins.
Preloading 0 native plugins for Editor in 0.00 ms.
Unloading 2222 Unused Serialized files (Serialized files now loaded: 0)
System memory in use before: 100.4 MB.
System memory in use after: 100.5 MB.

Unloading 18 unused Assets to reduce memory usage. Loaded Objects now: 2702.
Total: 5.174700 ms (FindLiveObjects: 0.539300 ms CreateObjectMapping: 0.270300 ms MarkObjects: 4.312400 ms  DeleteObjects: 0.051000 ms)

========================================================================
Received Prepare
Registering precompiled user dll's ...
Registered in 0.007937 seconds.
Begin MonoManager ReloadAssembly
Native extension for LinuxStandalone target not found
Native extension for WindowsStandalone target not found
Native extension for WebGL target not found
Refreshing native plugins compatible for Editor in 0.86 ms, found 3 plugins.
Preloading 0 native plugins for Editor in 0.00 ms.
Mono: successfully reloaded assembly
- Completed reload, in  1.444 seconds
Platform modules already initialized, skipping
Refreshing native plugins compatible for Editor in 0.66 ms, found 3 plugins.
Preloading 0 native plugins for Editor in 0.00 ms.
Unloading 2222 Unused Serialized files (Serialized files now loaded: 0)
System memory in use before: 100.4 MB.
System memory in use after: 100.5 MB.

Unloading 18 unused Assets to reduce memory usage. Loaded Objects now: 2705.
Total: 2.931100 ms (FindLiveObjects: 0.250700 ms CreateObjectMapping: 0.163100 ms MarkObjects: 2.469000 ms  DeleteObjects: 0.047500 ms)

========================================================================
Received Import Request.
  Time since last request: 828.983782 seconds.
  path: Assets/Prefabs/Task Prefabs/TillTask.prefab
  artifactKey: Guid(7dd26a905884a834cb9ac0cdb409e146) Importer(815301076,1909f56bfc062723c751e8b465ee728b)
Start importing Assets/Prefabs/Task Prefabs/TillTask.prefab using Guid(7dd26a905884a834cb9ac0cdb409e146) Importer(815301076,1909f56bfc062723c751e8b465ee728b)  -> (artifact id: '9e259a393ec7281293ebc5f47fef16c8') in 0.053525 seconds
  Import took 0.092207 seconds .

========================================================================
Received Import Request.
  Time since last request: 10696.255456 seconds.
  path: Assets/Prefabs/Task Prefabs/Throw Away Expired Shit.prefab
  artifactKey: Guid(cd427c31b3a41674e97989a4986971a4) Importer(815301076,1909f56bfc062723c751e8b465ee728b)
Start importing Assets/Prefabs/Task Prefabs/Throw Away Expired Shit.prefab using Guid(cd427c31b3a41674e97989a4986971a4) Importer(815301076,1909f56bfc062723c751e8b465ee728b)  -> (artifact id: '1a192b694b6b76276f2d2bdcebb562be') in 0.146952 seconds
  Import took 0.316510 seconds .

========================================================================
Received Import Request.
  Time since last request: 12.329080 seconds.
  path: Assets/Scenes/Main Level.unity
  artifactKey: Guid(2cda990e2423bbf4892e6590ba056729) Importer(815301076,1909f56bfc062723c751e8b465ee728b)
Start importing Assets/Scenes/Main Level.unity using Guid(2cda990e2423bbf4892e6590ba056729) Importer(815301076,1909f56bfc062723c751e8b465ee728b)  -> (artifact id: 'f0b7ef8f2eba0b620e2d05be69e223d2') in 0.061084 seconds
  Import took 0.113120 seconds .

========================================================================
Received Import Request.
  Time since last request: 833.382628 seconds.
  path: Assets/Scripts/Misc
  artifactKey: Guid(327425de083c20d49b3ebd61ef908ab5) Importer(815301076,1909f56bfc062723c751e8b465ee728b)
Start importing Assets/Scripts/Misc using Guid(327425de083c20d49b3ebd61ef908ab5) Importer(815301076,1909f56bfc062723c751e8b465ee728b)  -> (artifact id: '08362b1530bbe0d1f1082b80eeb513f1') in 0.029137 seconds
  Import took 0.057321 seconds .

========================================================================
Received Import Request.
  Time since last request: 19.405692 seconds.
  path: Assets/Scripts/Misc/T
  artifactKey: Guid(7a27bbe25b1fdae4caae09b860f2bf8f) Importer(815301076,1909f56bfc062723c751e8b465ee728b)
Start importing Assets/Scripts/Misc/T using Guid(7a27bbe25b1fdae4caae09b860f2bf8f) Importer(815301076,1909f56bfc062723c751e8b465ee728b)  -> (artifact id: '416ee9ebba6bb47c059931eeab2c5eb9') in 0.035057 seconds
  Import took 0.119433 seconds .

========================================================================
Received Import Request.
  Time since last request: 12.216583 seconds.
  path: Assets/Scripts/Misc/TaskInteractable.cs
  artifactKey: Guid(97d29aec39aba2c458270a7400614072) Importer(815301076,1909f56bfc062723c751e8b465ee728b)
Start importing Assets/Scripts/Misc/TaskInteractable.cs using Guid(97d29aec39aba2c458270a7400614072) Importer(815301076,1909f56bfc062723c751e8b465ee728b)  -> (artifact id: 'c4e235cc4e36fd343cd00feaf02c4f38') in 0.035575 seconds
  Import took 0.131413 seconds .

========================================================================
Received Prepare
Registering precompiled user dll's ...
Registered in 0.191820 seconds.
Begin MonoManager ReloadAssembly
Native extension for LinuxStandalone target not found
Native extension for WindowsStandalone target not found
Native extension for WebGL target not found
Refreshing native plugins compatible for Editor in 0.59 ms, found 3 plugins.
Preloading 0 native plugins for Editor in 0.00 ms.
Mono: successfully reloaded assembly
- Completed reload, in  1.883 seconds
Platform modules already initialized, skipping
Refreshing native plugins compatible for Editor in 1.08 ms, found 3 plugins.
Preloading 0 native plugins for Editor in 0.00 ms.
Unloading 2223 Unused Serialized files (Serialized files now loaded: 0)
System memory in use before: 100.5 MB.
System memory in use after: 100.6 MB.

Unloading 18 unused Assets to reduce memory usage. Loaded Objects now: 2709.
Total: 2.465400 ms (FindLiveObjects: 0.257400 ms CreateObjectMapping: 0.116000 ms MarkObjects: 2.067100 ms  DeleteObjects: 0.023200 ms)

========================================================================
Received Import Request.
  Time since last request: 569.418508 seconds.
  path: Assets/Scripts/Misc/TaskInteractable.cs
  artifactKey: Guid(97d29aec39aba2c458270a7400614072) Importer(815301076,1909f56bfc062723c751e8b465ee728b)
Start importing Assets/Scripts/Misc/TaskInteractable.cs using Guid(97d29aec39aba2c458270a7400614072) Importer(815301076,1909f56bfc062723c751e8b465ee728b)  -> (artifact id: 'f6f28c105420f0d8b95ddfb4e4fb5540') in 0.008347 seconds
  Import took 0.042239 seconds .

========================================================================
Received Prepare
Registering precompiled user dll's ...
Registered in 0.008862 seconds.
Begin MonoManager ReloadAssembly
Native extension for LinuxStandalone target not found
Native extension for WindowsStandalone target not found
Native extension for WebGL target not found
Refreshing native plugins compatible for Editor in 0.45 ms, found 3 plugins.
Preloading 0 native plugins for Editor in 0.00 ms.
Mono: successfully reloaded assembly
- Completed reload, in  1.333 seconds
Platform modules already initialized, skipping
Refreshing native plugins compatible for Editor in 0.57 ms, found 3 plugins.
Preloading 0 native plugins for Editor in 0.00 ms.
Unloading 2223 Unused Serialized files (Serialized files now loaded: 0)
System memory in use before: 100.4 MB.
System memory in use after: 100.6 MB.

Unloading 18 unused Assets to reduce memory usage. Loaded Objects now: 2712.
Total: 3.488600 ms (FindLiveObjects: 0.284000 ms CreateObjectMapping: 0.191100 ms MarkObjects: 2.965100 ms  DeleteObjects: 0.047100 ms)

========================================================================
Received Import Request.
  Time since last request: 457.059692 seconds.
  path: ProjectSettings/TagManager.asset
  artifactKey: Guid(00000000000000003000000000000000) Importer(815301076,1909f56bfc062723c751e8b465ee728b)
Start importing ProjectSettings/TagManager.asset using Guid(00000000000000003000000000000000) Importer(815301076,1909f56bfc062723c751e8b465ee728b)  -> (artifact id: 'ac2a9f590e6ac91972218959dcfbd9a9') in 0.035982 seconds
  Import took 0.124229 seconds .

========================================================================
Received Prepare
Registering precompiled user dll's ...
Registered in 0.009123 seconds.
Begin MonoManager ReloadAssembly
Native extension for LinuxStandalone target not found
Native extension for WindowsStandalone target not found
Native extension for WebGL target not found
Refreshing native plugins compatible for Editor in 0.45 ms, found 3 plugins.
Preloading 0 native plugins for Editor in 0.00 ms.
Mono: successfully reloaded assembly
- Completed reload, in  1.372 seconds
Platform modules already initialized, skipping
Refreshing native plugins compatible for Editor in 0.54 ms, found 3 plugins.
Preloading 0 native plugins for Editor in 0.00 ms.
Unloading 2223 Unused Serialized files (Serialized files now loaded: 0)
System memory in use before: 100.5 MB.
System memory in use after: 100.7 MB.

Unloading 19 unused Assets to reduce memory usage. Loaded Objects now: 2715.
Total: 3.220700 ms (FindLiveObjects: 0.434500 ms CreateObjectMapping: 0.111900 ms MarkObjects: 2.626400 ms  DeleteObjects: 0.046900 ms)

========================================================================
Received Prepare
Registering precompiled user dll's ...
Registered in 0.011242 seconds.
Begin MonoManager ReloadAssembly
Native extension for LinuxStandalone target not found
Native extension for WindowsStandalone target not found
Native extension for WebGL target not found
Refreshing native plugins compatible for Editor in 0.47 ms, found 3 plugins.
Preloading 0 native plugins for Editor in 0.00 ms.
Mono: successfully reloaded assembly
- Completed reload, in  1.405 seconds
Platform modules already initialized, skipping
Refreshing native plugins compatible for Editor in 0.53 ms, found 3 plugins.
Preloading 0 native plugins for Editor in 0.00 ms.
Unloading 2223 Unused Serialized files (Serialized files now loaded: 0)
System memory in use before: 100.6 MB.
System memory in use after: 100.8 MB.

Unloading 18 unused Assets to reduce memory usage. Loaded Objects now: 2718.
Total: 3.120100 ms (FindLiveObjects: 0.350600 ms CreateObjectMapping: 0.150200 ms MarkObjects: 2.568900 ms  DeleteObjects: 0.049000 ms)

========================================================================
Received Prepare
Registering precompiled user dll's ...
Registered in 0.007903 seconds.
Begin MonoManager ReloadAssembly
Native extension for LinuxStandalone target not found
Native extension for WindowsStandalone target not found
Native extension for WebGL target not found
Refreshing native plugins compatible for Editor in 0.68 ms, found 3 plugins.
Preloading 0 native plugins for Editor in 0.00 ms.
Mono: successfully reloaded assembly
- Completed reload, in  1.327 seconds
Platform modules already initialized, skipping
Refreshing native plugins compatible for Editor in 0.46 ms, found 3 plugins.
Preloading 0 native plugins for Editor in 0.00 ms.
Unloading 2223 Unused Serialized files (Serialized files now loaded: 0)
System memory in use before: 100.6 MB.
System memory in use after: 100.8 MB.

Unloading 18 unused Assets to reduce memory usage. Loaded Objects now: 2721.
Total: 2.533000 ms (FindLiveObjects: 0.263100 ms CreateObjectMapping: 0.102800 ms MarkObjects: 2.147100 ms  DeleteObjects: 0.018700 ms)

========================================================================
Received Prepare
Registering precompiled user dll's ...
Registered in 0.010148 seconds.
Begin MonoManager ReloadAssembly
Native extension for LinuxStandalone target not found
Native extension for WindowsStandalone target not found
Native extension for WebGL target not found
Refreshing native plugins compatible for Editor in 0.45 ms, found 3 plugins.
Preloading 0 native plugins for Editor in 0.00 ms.
Mono: successfully reloaded assembly
- Completed reload, in  1.559 seconds
Platform modules already initialized, skipping
Refreshing native plugins compatible for Editor in 0.60 ms, found 3 plugins.
Preloading 0 native plugins for Editor in 0.00 ms.
Unloading 2223 Unused Serialized files (Serialized files now loaded: 0)
System memory in use before: 100.6 MB.
System memory in use after: 100.8 MB.

Unloading 18 unused Assets to reduce memory usage. Loaded Objects now: 2724.
Total: 4.284400 ms (FindLiveObjects: 0.395400 ms CreateObjectMapping: 0.163900 ms MarkObjects: 3.696700 ms  DeleteObjects: 0.024700 ms)

========================================================================
Received Prepare
Registering precompiled user dll's ...
Registered in 0.007225 seconds.
Begin MonoManager ReloadAssembly
Native extension for LinuxStandalone target not found
Native extension for WindowsStandalone target not found
Native extension for WebGL target not found
Refreshing native plugins compatible for Editor in 0.45 ms, found 3 plugins.
Preloading 0 native plugins for Editor in 0.00 ms.
Mono: successfully reloaded assembly
- Completed reload, in  1.307 seconds
Platform modules already initialized, skipping
Refreshing native plugins compatible for Editor in 0.56 ms, found 3 plugins.
Preloading 0 native plugins for Editor in 0.00 ms.
Unloading 2223 Unused Serialized files (Serialized files now loaded: 0)
System memory in use before: 100.5 MB.
System memory in use after: 100.7 MB.

Unloading 18 unused Assets to reduce memory usage. Loaded Objects now: 2727.
Total: 2.665100 ms (FindLiveObjects: 0.349400 ms CreateObjectMapping: 0.084700 ms MarkObjects: 2.170600 ms  DeleteObjects: 0.059300 ms)

========================================================================
Received Prepare
Registering precompiled user dll's ...
Registered in 0.007090 seconds.
Begin MonoManager ReloadAssembly
Native extension for LinuxStandalone target not found
Native extension for WindowsStandalone target not found
Native extension for WebGL target not found
Refreshing native plugins compatible for Editor in 1.04 ms, found 3 plugins.
Preloading 0 native plugins for Editor in 0.00 ms.
Mono: successfully reloaded assembly
- Completed reload, in  1.422 seconds
Platform modules already initialized, skipping
Refreshing native plugins compatible for Editor in 1.12 ms, found 3 plugins.
Preloading 0 native plugins for Editor in 0.00 ms.
Unloading 2223 Unused Serialized files (Serialized files now loaded: 0)
System memory in use before: 100.6 MB.
System memory in use after: 100.8 MB.

Unloading 18 unused Assets to reduce memory usage. Loaded Objects now: 2730.
Total: 4.481500 ms (FindLiveObjects: 0.316100 ms CreateObjectMapping: 0.172200 ms MarkObjects: 3.920800 ms  DeleteObjects: 0.070600 ms)

========================================================================
Received Prepare
Registering precompiled user dll's ...
Registered in 0.007699 seconds.
Begin MonoManager ReloadAssembly
Native extension for LinuxStandalone target not found
Native extension for WindowsStandalone target not found
Native extension for WebGL target not found
Refreshing native plugins compatible for Editor in 0.60 ms, found 3 plugins.
Preloading 0 native plugins for Editor in 0.00 ms.
Mono: successfully reloaded assembly
- Completed reload, in  1.410 seconds
Platform modules already initialized, skipping
Refreshing native plugins compatible for Editor in 0.47 ms, found 3 plugins.
Preloading 0 native plugins for Editor in 0.00 ms.
Unloading 2223 Unused Serialized files (Serialized files now loaded: 0)
System memory in use before: 100.6 MB.
System memory in use after: 100.8 MB.

Unloading 18 unused Assets to reduce memory usage. Loaded Objects now: 2733.
Total: 3.400100 ms (FindLiveObjects: 0.279100 ms CreateObjectMapping: 0.097600 ms MarkObjects: 2.968700 ms  DeleteObjects: 0.053500 ms)

========================================================================
Received Prepare
Registering precompiled user dll's ...
Registered in 0.009393 seconds.
Begin MonoManager ReloadAssembly
Native extension for LinuxStandalone target not found
Native extension for WindowsStandalone target not found
Native extension for WebGL target not found
Refreshing native plugins compatible for Editor in 1.06 ms, found 3 plugins.
Preloading 0 native plugins for Editor in 0.00 ms.
Mono: successfully reloaded assembly
- Completed reload, in  1.403 seconds
Platform modules already initialized, skipping
Refreshing native plugins compatible for Editor in 0.65 ms, found 3 plugins.
Preloading 0 native plugins for Editor in 0.00 ms.
Unloading 2223 Unused Serialized files (Serialized files now loaded: 0)
System memory in use before: 100.7 MB.
System memory in use after: 100.9 MB.

Unloading 18 unused Assets to reduce memory usage. Loaded Objects now: 2736.
Total: 3.055600 ms (FindLiveObjects: 0.405000 ms CreateObjectMapping: 0.163400 ms MarkObjects: 2.434500 ms  DeleteObjects: 0.049800 ms)

========================================================================
Received Prepare
Registering precompiled user dll's ...
Registered in 0.007581 seconds.
Begin MonoManager ReloadAssembly
Native extension for LinuxStandalone target not found
Native extension for WindowsStandalone target not found
Native extension for WebGL target not found
Refreshing native plugins compatible for Editor in 0.51 ms, found 3 plugins.
Preloading 0 native plugins for Editor in 0.00 ms.
Mono: successfully reloaded assembly
- Completed reload, in  1.320 seconds
Platform modules already initialized, skipping
Refreshing native plugins compatible for Editor in 0.48 ms, found 3 plugins.
Preloading 0 native plugins for Editor in 0.00 ms.
Unloading 2223 Unused Serialized files (Serialized files now loaded: 0)
System memory in use before: 100.7 MB.
System memory in use after: 100.9 MB.

Unloading 18 unused Assets to reduce memory usage. Loaded Objects now: 2739.
Total: 2.958800 ms (FindLiveObjects: 0.237000 ms CreateObjectMapping: 0.086500 ms MarkObjects: 2.579300 ms  DeleteObjects: 0.054500 ms)

========================================================================
Received Import Request.
  Time since last request: 866.372557 seconds.
  path: Assets/Scripts/Tasks/MopScript.cs
  artifactKey: Guid(cdbb1146c7d67274680d432af8649746) Importer(815301076,1909f56bfc062723c751e8b465ee728b)
Start importing Assets/Scripts/Tasks/MopScript.cs using Guid(cdbb1146c7d67274680d432af8649746) Importer(815301076,1909f56bfc062723c751e8b465ee728b)  -> (artifact id: 'e0abbd820a54c6274342144aa698918e') in 0.007091 seconds
  Import took 0.049786 seconds .

========================================================================
Received Prepare
Registering precompiled user dll's ...
Registered in 0.007728 seconds.
Begin MonoManager ReloadAssembly
Native extension for LinuxStandalone target not found
Native extension for WindowsStandalone target not found
Native extension for WebGL target not found
Refreshing native plugins compatible for Editor in 0.46 ms, found 3 plugins.
Preloading 0 native plugins for Editor in 0.00 ms.
Mono: successfully reloaded assembly
- Completed reload, in  1.359 seconds
Platform modules already initialized, skipping
Refreshing native plugins compatible for Editor in 0.47 ms, found 3 plugins.
Preloading 0 native plugins for Editor in 0.00 ms.
Unloading 2223 Unused Serialized files (Serialized files now loaded: 0)
System memory in use before: 100.6 MB.
System memory in use after: 100.8 MB.

Unloading 18 unused Assets to reduce memory usage. Loaded Objects now: 2742.
Total: 2.774800 ms (FindLiveObjects: 0.223300 ms CreateObjectMapping: 0.098400 ms MarkObjects: 2.404500 ms  DeleteObjects: 0.047300 ms)

========================================================================
Received Prepare
Registering precompiled user dll's ...
Registered in 0.008197 seconds.
Begin MonoManager ReloadAssembly
Native extension for LinuxStandalone target not found
Native extension for WindowsStandalone target not found
Native extension for WebGL target not found
Refreshing native plugins compatible for Editor in 0.59 ms, found 3 plugins.
Preloading 0 native plugins for Editor in 0.00 ms.
Mono: successfully reloaded assembly
- Completed reload, in  1.425 seconds
Platform modules already initialized, skipping
Refreshing native plugins compatible for Editor in 0.89 ms, found 3 plugins.
Preloading 0 native plugins for Editor in 0.00 ms.
Unloading 2223 Unused Serialized files (Serialized files now loaded: 0)
System memory in use before: 100.7 MB.
System memory in use after: 100.9 MB.

Unloading 18 unused Assets to reduce memory usage. Loaded Objects now: 2745.
Total: 2.334500 ms (FindLiveObjects: 0.232000 ms CreateObjectMapping: 0.105700 ms MarkObjects: 1.974800 ms  DeleteObjects: 0.020900 ms)

========================================================================
Received Prepare
Registering precompiled user dll's ...
Registered in 0.006645 seconds.
Begin MonoManager ReloadAssembly
Native extension for LinuxStandalone target not found
Native extension for WindowsStandalone target not found
Native extension for WebGL target not found
Refreshing native plugins compatible for Editor in 0.78 ms, found 3 plugins.
Preloading 0 native plugins for Editor in 0.00 ms.
Mono: successfully reloaded assembly
- Completed reload, in  1.369 seconds
Platform modules already initialized, skipping
Refreshing native plugins compatible for Editor in 0.50 ms, found 3 plugins.
Preloading 0 native plugins for Editor in 0.00 ms.
Unloading 2223 Unused Serialized files (Serialized files now loaded: 0)
System memory in use before: 100.7 MB.
System memory in use after: 100.9 MB.

Unloading 18 unused Assets to reduce memory usage. Loaded Objects now: 2748.
Total: 2.917500 ms (FindLiveObjects: 0.262700 ms CreateObjectMapping: 0.090900 ms MarkObjects: 2.522900 ms  DeleteObjects: 0.040000 ms)

========================================================================
Received Prepare
Registering precompiled user dll's ...
Registered in 0.007793 seconds.
Begin MonoManager ReloadAssembly
Native extension for LinuxStandalone target not found
Native extension for WindowsStandalone target not found
Native extension for WebGL target not found
Refreshing native plugins compatible for Editor in 0.49 ms, found 3 plugins.
Preloading 0 native plugins for Editor in 0.00 ms.
Mono: successfully reloaded assembly
- Completed reload, in  1.350 seconds
Platform modules already initialized, skipping
Refreshing native plugins compatible for Editor in 0.49 ms, found 3 plugins.
Preloading 0 native plugins for Editor in 0.00 ms.
Unloading 2223 Unused Serialized files (Serialized files now loaded: 0)
System memory in use before: 100.7 MB.
System memory in use after: 100.9 MB.

Unloading 18 unused Assets to reduce memory usage. Loaded Objects now: 2751.
Total: 3.017800 ms (FindLiveObjects: 0.241100 ms CreateObjectMapping: 0.088600 ms MarkObjects: 2.639300 ms  DeleteObjects: 0.048000 ms)

========================================================================
Received Import Request.
  Time since last request: 484.883744 seconds.
  path: Assets/Scenes/Tasks.unity
  artifactKey: Guid(c0f67dbc74e8da34889c3afc7e0ff150) Importer(815301076,1909f56bfc062723c751e8b465ee728b)
Start importing Assets/Scenes/Tasks.unity using Guid(c0f67dbc74e8da34889c3afc7e0ff150) Importer(815301076,1909f56bfc062723c751e8b465ee728b)  -> (artifact id: 'b0a7240cd923789f460d7af5b70a0d83') in 0.015901 seconds
  Import took 0.062504 seconds .

========================================================================
Received Prepare
Registering precompiled user dll's ...
Registered in 0.007935 seconds.
Begin MonoManager ReloadAssembly
Native extension for LinuxStandalone target not found
Native extension for WindowsStandalone target not found
Native extension for WebGL target not found
Refreshing native plugins compatible for Editor in 0.95 ms, found 3 plugins.
Preloading 0 native plugins for Editor in 0.00 ms.
Mono: successfully reloaded assembly
- Completed reload, in  1.884 seconds
Platform modules already initialized, skipping
Refreshing native plugins compatible for Editor in 1.08 ms, found 3 plugins.
Preloading 0 native plugins for Editor in 0.00 ms.
Unloading 2223 Unused Serialized files (Serialized files now loaded: 0)
System memory in use before: 100.7 MB.
System memory in use after: 100.9 MB.

Unloading 18 unused Assets to reduce memory usage. Loaded Objects now: 2754.
Total: 3.811000 ms (FindLiveObjects: 0.526400 ms CreateObjectMapping: 0.288000 ms MarkObjects: 2.971400 ms  DeleteObjects: 0.023600 ms)

========================================================================
Received Prepare
Registering precompiled user dll's ...
Registered in 0.007333 seconds.
Begin MonoManager ReloadAssembly
Native extension for LinuxStandalone target not found
Native extension for WindowsStandalone target not found
Native extension for WebGL target not found
Refreshing native plugins compatible for Editor in 0.70 ms, found 3 plugins.
Preloading 0 native plugins for Editor in 0.00 ms.
Mono: successfully reloaded assembly
- Completed reload, in  1.889 seconds
Platform modules already initialized, skipping
Refreshing native plugins compatible for Editor in 0.88 ms, found 3 plugins.
Preloading 0 native plugins for Editor in 0.00 ms.
Unloading 2223 Unused Serialized files (Serialized files now loaded: 0)
System memory in use before: 100.6 MB.
System memory in use after: 100.8 MB.

Unloading 18 unused Assets to reduce memory usage. Loaded Objects now: 2757.
Total: 3.736800 ms (FindLiveObjects: 0.299800 ms CreateObjectMapping: 0.117200 ms MarkObjects: 3.292600 ms  DeleteObjects: 0.025600 ms)

========================================================================
Received Prepare
Registering precompiled user dll's ...
Registered in 0.011808 seconds.
Begin MonoManager ReloadAssembly
Native extension for LinuxStandalone target not found
Native extension for WindowsStandalone target not found
Native extension for WebGL target not found
Refreshing native plugins compatible for Editor in 0.45 ms, found 3 plugins.
Preloading 0 native plugins for Editor in 0.00 ms.
Mono: successfully reloaded assembly
- Completed reload, in  1.302 seconds
Platform modules already initialized, skipping
Refreshing native plugins compatible for Editor in 0.49 ms, found 3 plugins.
Preloading 0 native plugins for Editor in 0.00 ms.
Unloading 2223 Unused Serialized files (Serialized files now loaded: 0)
System memory in use before: 100.7 MB.
System memory in use after: 100.9 MB.

Unloading 18 unused Assets to reduce memory usage. Loaded Objects now: 2760.
Total: 3.261000 ms (FindLiveObjects: 0.246600 ms CreateObjectMapping: 0.102700 ms MarkObjects: 2.861900 ms  DeleteObjects: 0.048500 ms)

========================================================================
Received Prepare
Registering precompiled user dll's ...
Registered in 0.009447 seconds.
Begin MonoManager ReloadAssembly
Native extension for LinuxStandalone target not found
Native extension for WindowsStandalone target not found
Native extension for WebGL target not found
Refreshing native plugins compatible for Editor in 0.63 ms, found 3 plugins.
Preloading 0 native plugins for Editor in 0.00 ms.
Mono: successfully reloaded assembly
- Completed reload, in  1.434 seconds
Platform modules already initialized, skipping
Refreshing native plugins compatible for Editor in 0.57 ms, found 3 plugins.
Preloading 0 native plugins for Editor in 0.00 ms.
Unloading 2223 Unused Serialized files (Serialized files now loaded: 0)
System memory in use before: 100.7 MB.
System memory in use after: 100.9 MB.

Unloading 18 unused Assets to reduce memory usage. Loaded Objects now: 2763.
Total: 3.037000 ms (FindLiveObjects: 0.242700 ms CreateObjectMapping: 0.083900 ms MarkObjects: 2.656600 ms  DeleteObjects: 0.052600 ms)

========================================================================
Received Prepare
Registering precompiled user dll's ...
Registered in 0.008395 seconds.
Begin MonoManager ReloadAssembly
Native extension for LinuxStandalone target not found
Native extension for WindowsStandalone target not found
Native extension for WebGL target not found
Refreshing native plugins compatible for Editor in 0.56 ms, found 3 plugins.
Preloading 0 native plugins for Editor in 0.00 ms.
Mono: successfully reloaded assembly
- Completed reload, in  1.395 seconds
Platform modules already initialized, skipping
Refreshing native plugins compatible for Editor in 0.47 ms, found 3 plugins.
Preloading 0 native plugins for Editor in 0.00 ms.
Unloading 2223 Unused Serialized files (Serialized files now loaded: 0)
System memory in use before: 100.7 MB.
System memory in use after: 100.9 MB.

Unloading 18 unused Assets to reduce memory usage. Loaded Objects now: 2766.
Total: 2.728400 ms (FindLiveObjects: 0.239700 ms CreateObjectMapping: 0.099300 ms MarkObjects: 2.337500 ms  DeleteObjects: 0.050600 ms)

========================================================================
Received Prepare
Registering precompiled user dll's ...
Registered in 0.007223 seconds.
Begin MonoManager ReloadAssembly
Native extension for LinuxStandalone target not found
Native extension for WindowsStandalone target not found
Native extension for WebGL target not found
Refreshing native plugins compatible for Editor in 0.62 ms, found 3 plugins.
Preloading 0 native plugins for Editor in 0.00 ms.
Mono: successfully reloaded assembly
- Completed reload, in  1.327 seconds
Platform modules already initialized, skipping
Refreshing native plugins compatible for Editor in 0.78 ms, found 3 plugins.
Preloading 0 native plugins for Editor in 0.00 ms.
Unloading 2223 Unused Serialized files (Serialized files now loaded: 0)
System memory in use before: 100.7 MB.
System memory in use after: 100.9 MB.

Unloading 18 unused Assets to reduce memory usage. Loaded Objects now: 2769.
Total: 4.607700 ms (FindLiveObjects: 0.510900 ms CreateObjectMapping: 0.211800 ms MarkObjects: 3.821300 ms  DeleteObjects: 0.062300 ms)

========================================================================
Received Import Request.
  Time since last request: 507.462114 seconds.
  path: Assets/Scenes/Tasks.unity
  artifactKey: Guid(c0f67dbc74e8da34889c3afc7e0ff150) Importer(815301076,1909f56bfc062723c751e8b465ee728b)
Start importing Assets/Scenes/Tasks.unity using Guid(c0f67dbc74e8da34889c3afc7e0ff150) Importer(815301076,1909f56bfc062723c751e8b465ee728b)  -> (artifact id: 'c846d822436321a6feb2a4abc20afe61') in 0.016364 seconds
  Import took 0.081670 seconds .

========================================================================
Received Import Request.
  Time since last request: 0.000481 seconds.
  path: Assets/Scenes/Main Level.unity
  artifactKey: Guid(2cda990e2423bbf4892e6590ba056729) Importer(815301076,1909f56bfc062723c751e8b465ee728b)
Start importing Assets/Scenes/Main Level.unity using Guid(2cda990e2423bbf4892e6590ba056729) Importer(815301076,1909f56bfc062723c751e8b465ee728b)  -> (artifact id: '2d8a453410c1bbaf44ceb5a62aeb4179') in 0.003866 seconds
  Import took 0.027626 seconds .

========================================================================
Received Prepare
Registering precompiled user dll's ...
Registered in 0.007383 seconds.
Begin MonoManager ReloadAssembly
Native extension for LinuxStandalone target not found
Native extension for WindowsStandalone target not found
Native extension for WebGL target not found
Refreshing native plugins compatible for Editor in 0.73 ms, found 3 plugins.
Preloading 0 native plugins for Editor in 0.00 ms.
Mono: successfully reloaded assembly
- Completed reload, in  1.316 seconds
Platform modules already initialized, skipping
Refreshing native plugins compatible for Editor in 0.50 ms, found 3 plugins.
Preloading 0 native plugins for Editor in 0.00 ms.
Unloading 2223 Unused Serialized files (Serialized files now loaded: 0)
System memory in use before: 100.7 MB.
System memory in use after: 100.9 MB.

Unloading 18 unused Assets to reduce memory usage. Loaded Objects now: 2772.
Total: 3.510800 ms (FindLiveObjects: 0.336200 ms CreateObjectMapping: 0.115900 ms MarkObjects: 2.990200 ms  DeleteObjects: 0.066900 ms)

========================================================================
Received Prepare
Registering precompiled user dll's ...
Registered in 0.009664 seconds.
Begin MonoManager ReloadAssembly
Native extension for LinuxStandalone target not found
Native extension for WindowsStandalone target not found
Native extension for WebGL target not found
Refreshing native plugins compatible for Editor in 0.60 ms, found 3 plugins.
Preloading 0 native plugins for Editor in 0.00 ms.
Mono: successfully reloaded assembly
- Completed reload, in  1.390 seconds
Platform modules already initialized, skipping
Refreshing native plugins compatible for Editor in 0.54 ms, found 3 plugins.
Preloading 0 native plugins for Editor in 0.00 ms.
Unloading 2223 Unused Serialized files (Serialized files now loaded: 0)
System memory in use before: 100.8 MB.
System memory in use after: 101.0 MB.

Unloading 18 unused Assets to reduce memory usage. Loaded Objects now: 2775.
Total: 4.200300 ms (FindLiveObjects: 0.705200 ms CreateObjectMapping: 0.365400 ms MarkObjects: 3.093900 ms  DeleteObjects: 0.034600 ms)

========================================================================
Received Prepare
Registering precompiled user dll's ...
Registered in 0.010939 seconds.
Begin MonoManager ReloadAssembly
Native extension for LinuxStandalone target not found
Native extension for WindowsStandalone target not found
Native extension for WebGL target not found
Refreshing native plugins compatible for Editor in 0.53 ms, found 3 plugins.
Preloading 0 native plugins for Editor in 0.00 ms.
Mono: successfully reloaded assembly
- Completed reload, in  1.555 seconds
Platform modules already initialized, skipping
Refreshing native plugins compatible for Editor in 0.63 ms, found 3 plugins.
Preloading 0 native plugins for Editor in 0.00 ms.
Unloading 2223 Unused Serialized files (Serialized files now loaded: 0)
System memory in use before: 100.8 MB.
System memory in use after: 101.0 MB.

Unloading 18 unused Assets to reduce memory usage. Loaded Objects now: 2778.
Total: 3.010100 ms (FindLiveObjects: 0.308300 ms CreateObjectMapping: 0.139000 ms MarkObjects: 2.536000 ms  DeleteObjects: 0.025400 ms)

========================================================================
Received Prepare
Registering precompiled user dll's ...
Registered in 0.007833 seconds.
Begin MonoManager ReloadAssembly
Native extension for LinuxStandalone target not found
Native extension for WindowsStandalone target not found
Native extension for WebGL target not found
Refreshing native plugins compatible for Editor in 0.54 ms, found 3 plugins.
Preloading 0 native plugins for Editor in 0.00 ms.
Mono: successfully reloaded assembly
- Completed reload, in  1.322 seconds
Platform modules already initialized, skipping
Refreshing native plugins compatible for Editor in 0.58 ms, found 3 plugins.
Preloading 0 native plugins for Editor in 0.00 ms.
Unloading 2223 Unused Serialized files (Serialized files now loaded: 0)
System memory in use before: 100.8 MB.
System memory in use after: 101.0 MB.

Unloading 18 unused Assets to reduce memory usage. Loaded Objects now: 2781.
Total: 3.567500 ms (FindLiveObjects: 0.274900 ms CreateObjectMapping: 0.106400 ms MarkObjects: 3.144100 ms  DeleteObjects: 0.040700 ms)

========================================================================
Received Prepare
Registering precompiled user dll's ...
Registered in 0.007166 seconds.
Begin MonoManager ReloadAssembly
Native extension for LinuxStandalone target not found
Native extension for WindowsStandalone target not found
Native extension for WebGL target not found
Refreshing native plugins compatible for Editor in 0.98 ms, found 3 plugins.
Preloading 0 native plugins for Editor in 0.00 ms.
Mono: successfully reloaded assembly
- Completed reload, in  2.649 seconds
Platform modules already initialized, skipping
Refreshing native plugins compatible for Editor in 1.02 ms, found 3 plugins.
Preloading 0 native plugins for Editor in 0.00 ms.
Unloading 2223 Unused Serialized files (Serialized files now loaded: 0)
System memory in use before: 100.8 MB.
System memory in use after: 101.0 MB.

Unloading 18 unused Assets to reduce memory usage. Loaded Objects now: 2784.
Total: 3.608400 ms (FindLiveObjects: 0.498400 ms CreateObjectMapping: 0.211200 ms MarkObjects: 2.860900 ms  DeleteObjects: 0.036400 ms)

========================================================================
Received Prepare
Registering precompiled user dll's ...
Registered in 0.009587 seconds.
Begin MonoManager ReloadAssembly
Native extension for LinuxStandalone target not found
Native extension for WindowsStandalone target not found
Native extension for WebGL target not found
Refreshing native plugins compatible for Editor in 0.92 ms, found 3 plugins.
Preloading 0 native plugins for Editor in 0.00 ms.
Mono: successfully reloaded assembly
- Completed reload, in  1.436 seconds
Platform modules already initialized, skipping
Refreshing native plugins compatible for Editor in 0.80 ms, found 3 plugins.
Preloading 0 native plugins for Editor in 0.00 ms.
Unloading 2223 Unused Serialized files (Serialized files now loaded: 0)
System memory in use before: 100.7 MB.
System memory in use after: 100.9 MB.

Unloading 18 unused Assets to reduce memory usage. Loaded Objects now: 2787.
Total: 7.223400 ms (FindLiveObjects: 0.573600 ms CreateObjectMapping: 0.254500 ms MarkObjects: 6.352000 ms  DeleteObjects: 0.041200 ms)

========================================================================
Received Prepare
Registering precompiled user dll's ...
Registered in 0.007539 seconds.
Begin MonoManager ReloadAssembly
Native extension for LinuxStandalone target not found
Native extension for WindowsStandalone target not found
Native extension for WebGL target not found
Refreshing native plugins compatible for Editor in 0.79 ms, found 3 plugins.
Preloading 0 native plugins for Editor in 0.00 ms.
Mono: successfully reloaded assembly
- Completed reload, in  1.379 seconds
Platform modules already initialized, skipping
Refreshing native plugins compatible for Editor in 0.72 ms, found 3 plugins.
Preloading 0 native plugins for Editor in 0.00 ms.
Unloading 2223 Unused Serialized files (Serialized files now loaded: 0)
System memory in use before: 100.8 MB.
System memory in use after: 101.0 MB.

Unloading 18 unused Assets to reduce memory usage. Loaded Objects now: 2790.
Total: 3.011300 ms (FindLiveObjects: 0.261000 ms CreateObjectMapping: 0.099200 ms MarkObjects: 2.614300 ms  DeleteObjects: 0.035500 ms)

========================================================================
Received Prepare
Registering precompiled user dll's ...
Registered in 0.008913 seconds.
Begin MonoManager ReloadAssembly
Native extension for LinuxStandalone target not found
Native extension for WindowsStandalone target not found
Native extension for WebGL target not found
Refreshing native plugins compatible for Editor in 0.46 ms, found 3 plugins.
Preloading 0 native plugins for Editor in 0.00 ms.
Mono: successfully reloaded assembly
- Completed reload, in  1.400 seconds
Platform modules already initialized, skipping
Refreshing native plugins compatible for Editor in 0.49 ms, found 3 plugins.
Preloading 0 native plugins for Editor in 0.00 ms.
Unloading 2223 Unused Serialized files (Serialized files now loaded: 0)
System memory in use before: 100.8 MB.
System memory in use after: 101.0 MB.

Unloading 18 unused Assets to reduce memory usage. Loaded Objects now: 2793.
Total: 4.371900 ms (FindLiveObjects: 0.367400 ms CreateObjectMapping: 0.187000 ms MarkObjects: 3.767500 ms  DeleteObjects: 0.048500 ms)

========================================================================
Received Prepare
Registering precompiled user dll's ...
Registered in 0.008747 seconds.
Begin MonoManager ReloadAssembly
Native extension for LinuxStandalone target not found
Native extension for WindowsStandalone target not found
Native extension for WebGL target not found
Refreshing native plugins compatible for Editor in 0.49 ms, found 3 plugins.
Preloading 0 native plugins for Editor in 0.00 ms.
Mono: successfully reloaded assembly
- Completed reload, in  1.401 seconds
Platform modules already initialized, skipping
Refreshing native plugins compatible for Editor in 0.75 ms, found 3 plugins.
Preloading 0 native plugins for Editor in 0.00 ms.
Unloading 2223 Unused Serialized files (Serialized files now loaded: 0)
System memory in use before: 100.8 MB.
System memory in use after: 101.0 MB.

Unloading 18 unused Assets to reduce memory usage. Loaded Objects now: 2796.
Total: 6.002800 ms (FindLiveObjects: 0.606900 ms CreateObjectMapping: 0.395100 ms MarkObjects: 4.971100 ms  DeleteObjects: 0.027600 ms)

========================================================================
Received Prepare
Registering precompiled user dll's ...
Registered in 0.006727 seconds.
Begin MonoManager ReloadAssembly
Native extension for LinuxStandalone target not found
Native extension for WindowsStandalone target not found
Native extension for WebGL target not found
Refreshing native plugins compatible for Editor in 0.70 ms, found 3 plugins.
Preloading 0 native plugins for Editor in 0.00 ms.
Mono: successfully reloaded assembly
- Completed reload, in  1.439 seconds
Platform modules already initialized, skipping
Refreshing native plugins compatible for Editor in 0.46 ms, found 3 plugins.
Preloading 0 native plugins for Editor in 0.00 ms.
Unloading 2223 Unused Serialized files (Serialized files now loaded: 0)
System memory in use before: 100.8 MB.
System memory in use after: 101.0 MB.

Unloading 18 unused Assets to reduce memory usage. Loaded Objects now: 2799.
Total: 3.289700 ms (FindLiveObjects: 0.449800 ms CreateObjectMapping: 0.253300 ms MarkObjects: 2.541900 ms  DeleteObjects: 0.043400 ms)

========================================================================
Received Prepare
Registering precompiled user dll's ...
Registered in 0.006897 seconds.
Begin MonoManager ReloadAssembly
Native extension for LinuxStandalone target not found
Native extension for WindowsStandalone target not found
Native extension for WebGL target not found
Refreshing native plugins compatible for Editor in 0.46 ms, found 3 plugins.
Preloading 0 native plugins for Editor in 0.00 ms.
Mono: successfully reloaded assembly
- Completed reload, in  1.260 seconds
Platform modules already initialized, skipping
Refreshing native plugins compatible for Editor in 0.50 ms, found 3 plugins.
Preloading 0 native plugins for Editor in 0.00 ms.
Unloading 2223 Unused Serialized files (Serialized files now loaded: 0)
System memory in use before: 100.7 MB.
System memory in use after: 100.9 MB.

Unloading 18 unused Assets to reduce memory usage. Loaded Objects now: 2802.
Total: 2.984600 ms (FindLiveObjects: 0.252200 ms CreateObjectMapping: 0.088200 ms MarkObjects: 2.593700 ms  DeleteObjects: 0.049400 ms)

========================================================================
Received Import Request.
  Time since last request: 15691.613962 seconds.
  path: Assets/Scenes/Main Level.unity
  artifactKey: Guid(2cda990e2423bbf4892e6590ba056729) Importer(815301076,1909f56bfc062723c751e8b465ee728b)
Start importing Assets/Scenes/Main Level.unity using Guid(2cda990e2423bbf4892e6590ba056729) Importer(815301076,1909f56bfc062723c751e8b465ee728b)  -> (artifact id: '051f43de67808a19a2f9d38640f70ccc') in 0.225077 seconds
  Import took 0.532354 seconds .

========================================================================
Received Prepare
Registering precompiled user dll's ...
Registered in 0.163838 seconds.
Begin MonoManager ReloadAssembly
Native extension for LinuxStandalone target not found
Native extension for WindowsStandalone target not found
Native extension for WebGL target not found
Refreshing native plugins compatible for Editor in 0.56 ms, found 3 plugins.
Preloading 0 native plugins for Editor in 0.00 ms.
Mono: successfully reloaded assembly
- Completed reload, in  1.914 seconds
Platform modules already initialized, skipping
Refreshing native plugins compatible for Editor in 0.59 ms, found 3 plugins.
Preloading 0 native plugins for Editor in 0.00 ms.
Unloading 2357 Unused Serialized files (Serialized files now loaded: 0)
System memory in use before: 106.3 MB.
System memory in use after: 106.1 MB.

Unloading 23 unused Assets to reduce memory usage. Loaded Objects now: 2934.
Total: 5.514700 ms (FindLiveObjects: 0.357800 ms CreateObjectMapping: 0.143200 ms MarkObjects: 3.380600 ms  DeleteObjects: 1.631100 ms)

========================================================================
Received Import Request.
  Time since last request: 1281.221164 seconds.
  path: ProjectSettings/TagManager.asset
  artifactKey: Guid(00000000000000003000000000000000) Importer(815301076,1909f56bfc062723c751e8b465ee728b)
Start importing ProjectSettings/TagManager.asset using Guid(00000000000000003000000000000000) Importer(815301076,1909f56bfc062723c751e8b465ee728b)  -> (artifact id: '07e2727b89099b67fc19413f7ae98da0') in 0.049103 seconds
  Import took 0.055100 seconds .

========================================================================
Received Prepare
Registering precompiled user dll's ...
Registered in 0.007789 seconds.
Begin MonoManager ReloadAssembly
Native extension for LinuxStandalone target not found
Native extension for WindowsStandalone target not found
Native extension for WebGL target not found
Refreshing native plugins compatible for Editor in 0.55 ms, found 3 plugins.
Preloading 0 native plugins for Editor in 0.00 ms.
Mono: successfully reloaded assembly
- Completed reload, in  2.174 seconds
Platform modules already initialized, skipping
Refreshing native plugins compatible for Editor in 0.60 ms, found 3 plugins.
Preloading 0 native plugins for Editor in 0.00 ms.
Unloading 2356 Unused Serialized files (Serialized files now loaded: 0)
System memory in use before: 106.2 MB.
System memory in use after: 106.0 MB.

Unloading 24 unused Assets to reduce memory usage. Loaded Objects now: 2937.
Total: 5.404400 ms (FindLiveObjects: 0.651000 ms CreateObjectMapping: 0.390500 ms MarkObjects: 4.019500 ms  DeleteObjects: 0.341400 ms)

========================================================================
Received Prepare
Registering precompiled user dll's ...
Registered in 0.008295 seconds.
Begin MonoManager ReloadAssembly
Native extension for LinuxStandalone target not found
Native extension for WindowsStandalone target not found
Native extension for WebGL target not found
Refreshing native plugins compatible for Editor in 0.99 ms, found 3 plugins.
Preloading 0 native plugins for Editor in 0.00 ms.
Mono: successfully reloaded assembly
- Completed reload, in  1.667 seconds
Platform modules already initialized, skipping
Refreshing native plugins compatible for Editor in 1.02 ms, found 3 plugins.
Preloading 0 native plugins for Editor in 0.00 ms.
Unloading 2356 Unused Serialized files (Serialized files now loaded: 0)
System memory in use before: 106.2 MB.
System memory in use after: 106.1 MB.

Unloading 23 unused Assets to reduce memory usage. Loaded Objects now: 2940.
Total: 6.333400 ms (FindLiveObjects: 0.330500 ms CreateObjectMapping: 0.143500 ms MarkObjects: 5.454900 ms  DeleteObjects: 0.402300 ms)

========================================================================
Received Prepare
Registering precompiled user dll's ...
Registered in 0.012460 seconds.
Begin MonoManager ReloadAssembly
Native extension for LinuxStandalone target not found
Native extension for WindowsStandalone target not found
Native extension for WebGL target not found
Refreshing native plugins compatible for Editor in 0.60 ms, found 3 plugins.
Preloading 0 native plugins for Editor in 0.00 ms.
Mono: successfully reloaded assembly
- Completed reload, in  1.716 seconds
Platform modules already initialized, skipping
Refreshing native plugins compatible for Editor in 1.01 ms, found 3 plugins.
Preloading 0 native plugins for Editor in 0.00 ms.
Unloading 2356 Unused Serialized files (Serialized files now loaded: 0)
System memory in use before: 106.3 MB.
System memory in use after: 106.1 MB.

Unloading 23 unused Assets to reduce memory usage. Loaded Objects now: 2943.
Total: 3.351000 ms (FindLiveObjects: 0.291800 ms CreateObjectMapping: 0.116300 ms MarkObjects: 2.460900 ms  DeleteObjects: 0.480300 ms)

========================================================================
Received Prepare
Registering precompiled user dll's ...
Registered in 0.010509 seconds.
Begin MonoManager ReloadAssembly
Native extension for LinuxStandalone target not found
Native extension for WindowsStandalone target not found
Native extension for WebGL target not found
Refreshing native plugins compatible for Editor in 0.77 ms, found 3 plugins.
Preloading 0 native plugins for Editor in 0.00 ms.
Mono: successfully reloaded assembly
- Completed reload, in  1.630 seconds
Platform modules already initialized, skipping
Refreshing native plugins compatible for Editor in 1.08 ms, found 3 plugins.
Preloading 0 native plugins for Editor in 0.00 ms.
Unloading 2356 Unused Serialized files (Serialized files now loaded: 0)
System memory in use before: 106.1 MB.
System memory in use after: 106.0 MB.

Unloading 23 unused Assets to reduce memory usage. Loaded Objects now: 2946.
Total: 4.610900 ms (FindLiveObjects: 0.313500 ms CreateObjectMapping: 0.120000 ms MarkObjects: 3.632600 ms  DeleteObjects: 0.529300 ms)

========================================================================
Received Prepare
Registering precompiled user dll's ...
Registered in 0.009972 seconds.
Begin MonoManager ReloadAssembly
Native extension for LinuxStandalone target not found
Native extension for WindowsStandalone target not found
Native extension for WebGL target not found
Refreshing native plugins compatible for Editor in 0.96 ms, found 3 plugins.
Preloading 0 native plugins for Editor in 0.00 ms.
Mono: successfully reloaded assembly
- Completed reload, in  1.571 seconds
Platform modules already initialized, skipping
Refreshing native plugins compatible for Editor in 0.55 ms, found 3 plugins.
Preloading 0 native plugins for Editor in 0.00 ms.
Unloading 2356 Unused Serialized files (Serialized files now loaded: 0)
System memory in use before: 106.3 MB.
System memory in use after: 106.1 MB.

Unloading 23 unused Assets to reduce memory usage. Loaded Objects now: 2949.
Total: 5.215300 ms (FindLiveObjects: 0.524700 ms CreateObjectMapping: 0.193000 ms MarkObjects: 4.147100 ms  DeleteObjects: 0.348900 ms)

========================================================================
Received Prepare
Registering precompiled user dll's ...
Registered in 0.007753 seconds.
Begin MonoManager ReloadAssembly
Native extension for LinuxStandalone target not found
Native extension for WindowsStandalone target not found
Native extension for WebGL target not found
Refreshing native plugins compatible for Editor in 0.74 ms, found 3 plugins.
Preloading 0 native plugins for Editor in 0.00 ms.
Mono: successfully reloaded assembly
- Completed reload, in  1.642 seconds
Platform modules already initialized, skipping
Refreshing native plugins compatible for Editor in 0.55 ms, found 3 plugins.
Preloading 0 native plugins for Editor in 0.00 ms.
Unloading 2356 Unused Serialized files (Serialized files now loaded: 0)
System memory in use before: 106.2 MB.
System memory in use after: 106.1 MB.

Unloading 23 unused Assets to reduce memory usage. Loaded Objects now: 2952.
Total: 4.136400 ms (FindLiveObjects: 0.408200 ms CreateObjectMapping: 0.209600 ms MarkObjects: 3.173400 ms  DeleteObjects: 0.343800 ms)

========================================================================
Received Import Request.
  Time since last request: 4825.782844 seconds.
  path: Assets/Scenes/Tasks.unity
  artifactKey: Guid(c0f67dbc74e8da34889c3afc7e0ff150) Importer(815301076,1909f56bfc062723c751e8b465ee728b)
Start importing Assets/Scenes/Tasks.unity using Guid(c0f67dbc74e8da34889c3afc7e0ff150) Importer(815301076,1909f56bfc062723c751e8b465ee728b)  -> (artifact id: '4a8646db783f19ae9ba9613caf687a04') in 0.171075 seconds
  Import took 0.343764 seconds .

========================================================================
Received Prepare
Registering precompiled user dll's ...
Registered in 0.132357 seconds.
Begin MonoManager ReloadAssembly
Native extension for LinuxStandalone target not found
Native extension for WindowsStandalone target not found
Native extension for WebGL target not found
Refreshing native plugins compatible for Editor in 0.73 ms, found 3 plugins.
Preloading 0 native plugins for Editor in 0.00 ms.
Mono: successfully reloaded assembly
- Completed reload, in  1.961 seconds
Platform modules already initialized, skipping
Refreshing native plugins compatible for Editor in 0.67 ms, found 3 plugins.
Preloading 0 native plugins for Editor in 0.00 ms.
Unloading 2356 Unused Serialized files (Serialized files now loaded: 0)
System memory in use before: 106.2 MB.
System memory in use after: 106.1 MB.

Unloading 23 unused Assets to reduce memory usage. Loaded Objects now: 2955.
Total: 4.195000 ms (FindLiveObjects: 0.305400 ms CreateObjectMapping: 0.128100 ms MarkObjects: 3.206900 ms  DeleteObjects: 0.553400 ms)

========================================================================
Received Prepare
Registering precompiled user dll's ...
Registered in 0.009961 seconds.
Begin MonoManager ReloadAssembly
Native extension for LinuxStandalone target not found
Native extension for WindowsStandalone target not found
Native extension for WebGL target not found
Refreshing native plugins compatible for Editor in 0.66 ms, found 3 plugins.
Preloading 0 native plugins for Editor in 0.00 ms.
Mono: successfully reloaded assembly
- Completed reload, in  1.808 seconds
Platform modules already initialized, skipping
Refreshing native plugins compatible for Editor in 0.88 ms, found 3 plugins.
Preloading 0 native plugins for Editor in 0.00 ms.
Unloading 2356 Unused Serialized files (Serialized files now loaded: 0)
System memory in use before: 106.3 MB.
System memory in use after: 106.2 MB.

Unloading 23 unused Assets to reduce memory usage. Loaded Objects now: 2958.
Total: 3.589900 ms (FindLiveObjects: 0.405800 ms CreateObjectMapping: 0.157900 ms MarkObjects: 2.720300 ms  DeleteObjects: 0.304500 ms)

========================================================================
Received Prepare
Registering precompiled user dll's ...
Registered in 0.008290 seconds.
Begin MonoManager ReloadAssembly
Native extension for LinuxStandalone target not found
Native extension for WindowsStandalone target not found
Native extension for WebGL target not found
Refreshing native plugins compatible for Editor in 0.61 ms, found 3 plugins.
Preloading 0 native plugins for Editor in 0.00 ms.
Mono: successfully reloaded assembly
- Completed reload, in  1.739 seconds
Platform modules already initialized, skipping
Refreshing native plugins compatible for Editor in 0.67 ms, found 3 plugins.
Preloading 0 native plugins for Editor in 0.00 ms.
Unloading 2356 Unused Serialized files (Serialized files now loaded: 0)
System memory in use before: 106.2 MB.
System memory in use after: 106.1 MB.

Unloading 23 unused Assets to reduce memory usage. Loaded Objects now: 2961.
Total: 3.171200 ms (FindLiveObjects: 0.284800 ms CreateObjectMapping: 0.147200 ms MarkObjects: 2.439600 ms  DeleteObjects: 0.298400 ms)

========================================================================
Received Prepare
Registering precompiled user dll's ...
Registered in 0.009134 seconds.
Begin MonoManager ReloadAssembly
Native extension for LinuxStandalone target not found
Native extension for WindowsStandalone target not found
Native extension for WebGL target not found
Refreshing native plugins compatible for Editor in 0.52 ms, found 3 plugins.
Preloading 0 native plugins for Editor in 0.00 ms.
Mono: successfully reloaded assembly
- Completed reload, in  1.639 seconds
Platform modules already initialized, skipping
Refreshing native plugins compatible for Editor in 3.18 ms, found 3 plugins.
Preloading 0 native plugins for Editor in 0.00 ms.
Unloading 2356 Unused Serialized files (Serialized files now loaded: 0)
System memory in use before: 106.3 MB.
System memory in use after: 106.2 MB.

Unloading 23 unused Assets to reduce memory usage. Loaded Objects now: 2964.
Total: 5.547300 ms (FindLiveObjects: 0.817400 ms CreateObjectMapping: 0.335600 ms MarkObjects: 4.014400 ms  DeleteObjects: 0.377500 ms)

========================================================================
Received Prepare
Registering precompiled user dll's ...
Registered in 0.008327 seconds.
Begin MonoManager ReloadAssembly
Native extension for LinuxStandalone target not found
Native extension for WindowsStandalone target not found
Native extension for WebGL target not found
Refreshing native plugins compatible for Editor in 0.74 ms, found 3 plugins.
Preloading 0 native plugins for Editor in 0.00 ms.
Mono: successfully reloaded assembly
- Completed reload, in  1.627 seconds
Platform modules already initialized, skipping
Refreshing native plugins compatible for Editor in 0.81 ms, found 3 plugins.
Preloading 0 native plugins for Editor in 0.00 ms.
Unloading 2356 Unused Serialized files (Serialized files now loaded: 0)
System memory in use before: 106.3 MB.
System memory in use after: 106.2 MB.

Unloading 23 unused Assets to reduce memory usage. Loaded Objects now: 2967.
Total: 4.249100 ms (FindLiveObjects: 0.462800 ms CreateObjectMapping: 0.190200 ms MarkObjects: 3.243200 ms  DeleteObjects: 0.351500 ms)

========================================================================
Received Import Request.
  Time since last request: 218.234525 seconds.
  path: Assets/Scenes/Main Level.unity
  artifactKey: Guid(2cda990e2423bbf4892e6590ba056729) Importer(815301076,1909f56bfc062723c751e8b465ee728b)
Start importing Assets/Scenes/Main Level.unity using Guid(2cda990e2423bbf4892e6590ba056729) Importer(815301076,1909f56bfc062723c751e8b465ee728b)  -> (artifact id: '219d589a1d5c95acc29f665e697e9b2b') in 0.029298 seconds
  Import took 0.076175 seconds .

========================================================================
Received Prepare
Registering precompiled user dll's ...
Registered in 0.011281 seconds.
Begin MonoManager ReloadAssembly
Native extension for LinuxStandalone target not found
Native extension for WindowsStandalone target not found
Native extension for WebGL target not found
Refreshing native plugins compatible for Editor in 1.02 ms, found 3 plugins.
Preloading 0 native plugins for Editor in 0.00 ms.
Mono: successfully reloaded assembly
- Completed reload, in  1.705 seconds
Platform modules already initialized, skipping
Refreshing native plugins compatible for Editor in 0.60 ms, found 3 plugins.
Preloading 0 native plugins for Editor in 0.00 ms.
Unloading 2356 Unused Serialized files (Serialized files now loaded: 0)
System memory in use before: 106.4 MB.
System memory in use after: 106.2 MB.

Unloading 23 unused Assets to reduce memory usage. Loaded Objects now: 2970.
Total: 3.374100 ms (FindLiveObjects: 0.472000 ms CreateObjectMapping: 0.158000 ms MarkObjects: 2.375600 ms  DeleteObjects: 0.367200 ms)

========================================================================
Received Prepare
Registering precompiled user dll's ...
Registered in 0.009329 seconds.
Begin MonoManager ReloadAssembly
Native extension for LinuxStandalone target not found
Native extension for WindowsStandalone target not found
Native extension for WebGL target not found
Refreshing native plugins compatible for Editor in 0.57 ms, found 3 plugins.
Preloading 0 native plugins for Editor in 0.00 ms.
Mono: successfully reloaded assembly
- Completed reload, in  1.958 seconds
Platform modules already initialized, skipping
Refreshing native plugins compatible for Editor in 1.16 ms, found 3 plugins.
Preloading 0 native plugins for Editor in 0.00 ms.
Unloading 2356 Unused Serialized files (Serialized files now loaded: 0)
System memory in use before: 106.4 MB.
System memory in use after: 106.2 MB.

Unloading 23 unused Assets to reduce memory usage. Loaded Objects now: 2973.
Total: 6.140800 ms (FindLiveObjects: 0.846100 ms CreateObjectMapping: 0.309000 ms MarkObjects: 4.425600 ms  DeleteObjects: 0.557900 ms)

========================================================================
Received Import Request.
  Time since last request: 760.154470 seconds.
  path: Assets/Scenes/Tasks.unity
  artifactKey: Guid(c0f67dbc74e8da34889c3afc7e0ff150) Importer(815301076,1909f56bfc062723c751e8b465ee728b)
Start importing Assets/Scenes/Tasks.unity using Guid(c0f67dbc74e8da34889c3afc7e0ff150) Importer(815301076,1909f56bfc062723c751e8b465ee728b)  -> (artifact id: '854be619be8ef6e6e3fddcc2253f396a') in 0.024386 seconds
  Import took 0.096284 seconds .

========================================================================
Received Prepare
Registering precompiled user dll's ...
Registered in 0.008541 seconds.
Begin MonoManager ReloadAssembly
Native extension for LinuxStandalone target not found
Native extension for WindowsStandalone target not found
Native extension for WebGL target not found
Refreshing native plugins compatible for Editor in 0.56 ms, found 3 plugins.
Preloading 0 native plugins for Editor in 0.00 ms.
Mono: successfully reloaded assembly
- Completed reload, in  1.616 seconds
Platform modules already initialized, skipping
Refreshing native plugins compatible for Editor in 0.55 ms, found 3 plugins.
Preloading 0 native plugins for Editor in 0.00 ms.
Unloading 2356 Unused Serialized files (Serialized files now loaded: 0)
System memory in use before: 106.3 MB.
System memory in use after: 106.1 MB.

Unloading 23 unused Assets to reduce memory usage. Loaded Objects now: 2976.
Total: 2.976400 ms (FindLiveObjects: 0.255400 ms CreateObjectMapping: 0.088800 ms MarkObjects: 2.297600 ms  DeleteObjects: 0.333800 ms)

========================================================================
Received Prepare
Registering precompiled user dll's ...
Registered in 0.007537 seconds.
Begin MonoManager ReloadAssembly
Native extension for LinuxStandalone target not found
Native extension for WindowsStandalone target not found
Native extension for WebGL target not found
Refreshing native plugins compatible for Editor in 0.53 ms, found 3 plugins.
Preloading 0 native plugins for Editor in 0.00 ms.
Mono: successfully reloaded assembly
- Completed reload, in  1.545 seconds
Platform modules already initialized, skipping
Refreshing native plugins compatible for Editor in 0.54 ms, found 3 plugins.
Preloading 0 native plugins for Editor in 0.00 ms.
Unloading 2356 Unused Serialized files (Serialized files now loaded: 0)
System memory in use before: 106.3 MB.
System memory in use after: 106.2 MB.

Unloading 23 unused Assets to reduce memory usage. Loaded Objects now: 2979.
Total: 3.877000 ms (FindLiveObjects: 0.268200 ms CreateObjectMapping: 0.095300 ms MarkObjects: 3.102000 ms  DeleteObjects: 0.410300 ms)

========================================================================
Received Import Request.
  Time since last request: 216.875825 seconds.
  path: Assets/Scenes/Main Level.unity
  artifactKey: Guid(2cda990e2423bbf4892e6590ba056729) Importer(815301076,1909f56bfc062723c751e8b465ee728b)
Start importing Assets/Scenes/Main Level.unity using Guid(2cda990e2423bbf4892e6590ba056729) Importer(815301076,1909f56bfc062723c751e8b465ee728b)  -> (artifact id: '33e771f612610484e0c2e66bb7dee317') in 0.028755 seconds
  Import took 0.052365 seconds .

========================================================================
Received Prepare
Registering precompiled user dll's ...
Registered in 0.013395 seconds.
Begin MonoManager ReloadAssembly
Native extension for LinuxStandalone target not found
Native extension for WindowsStandalone target not found
Native extension for WebGL target not found
Refreshing native plugins compatible for Editor in 0.53 ms, found 3 plugins.
Preloading 0 native plugins for Editor in 0.00 ms.
Mono: successfully reloaded assembly
- Completed reload, in  1.538 seconds
Platform modules already initialized, skipping
Refreshing native plugins compatible for Editor in 0.59 ms, found 3 plugins.
Preloading 0 native plugins for Editor in 0.00 ms.
Unloading 2356 Unused Serialized files (Serialized files now loaded: 0)
System memory in use before: 106.4 MB.
System memory in use after: 106.2 MB.

Unloading 23 unused Assets to reduce memory usage. Loaded Objects now: 2982.
Total: 3.189800 ms (FindLiveObjects: 0.422800 ms CreateObjectMapping: 0.100000 ms MarkObjects: 2.298500 ms  DeleteObjects: 0.367400 ms)

========================================================================
Received Import Request.
  Time since last request: 53.344065 seconds.
  path: Assets/Scenes/Tasks.unity
  artifactKey: Guid(c0f67dbc74e8da34889c3afc7e0ff150) Importer(815301076,1909f56bfc062723c751e8b465ee728b)
Start importing Assets/Scenes/Tasks.unity using Guid(c0f67dbc74e8da34889c3afc7e0ff150) Importer(815301076,1909f56bfc062723c751e8b465ee728b)  -> (artifact id: '409a4655fa8b447a2c978c77311332af') in 0.029976 seconds
  Import took 0.185584 seconds .

========================================================================
Received Prepare
Registering precompiled user dll's ...
Registered in 0.010516 seconds.
Begin MonoManager ReloadAssembly
Native extension for LinuxStandalone target not found
Native extension for WindowsStandalone target not found
Native extension for WebGL target not found
Refreshing native plugins compatible for Editor in 0.62 ms, found 3 plugins.
Preloading 0 native plugins for Editor in 0.00 ms.
Mono: successfully reloaded assembly
- Completed reload, in  2.127 seconds
Platform modules already initialized, skipping
Refreshing native plugins compatible for Editor in 0.97 ms, found 3 plugins.
Preloading 0 native plugins for Editor in 0.00 ms.
Unloading 2356 Unused Serialized files (Serialized files now loaded: 0)
System memory in use before: 106.4 MB.
System memory in use after: 106.2 MB.

Unloading 23 unused Assets to reduce memory usage. Loaded Objects now: 2985.
Total: 4.248300 ms (FindLiveObjects: 0.540400 ms CreateObjectMapping: 0.197400 ms MarkObjects: 3.193200 ms  DeleteObjects: 0.315800 ms)

========================================================================
Received Prepare
Registering precompiled user dll's ...
Registered in 0.010850 seconds.
Begin MonoManager ReloadAssembly
Native extension for LinuxStandalone target not found
Native extension for WindowsStandalone target not found
Native extension for WebGL target not found
Refreshing native plugins compatible for Editor in 0.63 ms, found 3 plugins.
Preloading 0 native plugins for Editor in 0.00 ms.
Mono: successfully reloaded assembly
- Completed reload, in  1.674 seconds
Platform modules already initialized, skipping
Refreshing native plugins compatible for Editor in 1.02 ms, found 3 plugins.
Preloading 0 native plugins for Editor in 0.00 ms.
Unloading 2356 Unused Serialized files (Serialized files now loaded: 0)
System memory in use before: 106.4 MB.
System memory in use after: 106.3 MB.

Unloading 23 unused Assets to reduce memory usage. Loaded Objects now: 2988.
Total: 7.781500 ms (FindLiveObjects: 0.473200 ms CreateObjectMapping: 0.216300 ms MarkObjects: 6.693700 ms  DeleteObjects: 0.396300 ms)

========================================================================
Received Prepare
Registering precompiled user dll's ...
Registered in 0.010447 seconds.
Begin MonoManager ReloadAssembly
Native extension for LinuxStandalone target not found
Native extension for WindowsStandalone target not found
Native extension for WebGL target not found
Refreshing native plugins compatible for Editor in 0.89 ms, found 3 plugins.
Preloading 0 native plugins for Editor in 0.00 ms.
Mono: successfully reloaded assembly
- Completed reload, in  1.650 seconds
Platform modules already initialized, skipping
Refreshing native plugins compatible for Editor in 0.67 ms, found 3 plugins.
Preloading 0 native plugins for Editor in 0.00 ms.
Unloading 2356 Unused Serialized files (Serialized files now loaded: 0)
System memory in use before: 106.3 MB.
System memory in use after: 106.2 MB.

Unloading 23 unused Assets to reduce memory usage. Loaded Objects now: 2991.
Total: 4.375800 ms (FindLiveObjects: 0.600500 ms CreateObjectMapping: 0.240300 ms MarkObjects: 3.166700 ms  DeleteObjects: 0.366300 ms)

========================================================================
Received Prepare
Registering precompiled user dll's ...
Registered in 0.011879 seconds.
Begin MonoManager ReloadAssembly
Native extension for LinuxStandalone target not found
Native extension for WindowsStandalone target not found
Native extension for WebGL target not found
Refreshing native plugins compatible for Editor in 0.78 ms, found 3 plugins.
Preloading 0 native plugins for Editor in 0.00 ms.
Mono: successfully reloaded assembly
- Completed reload, in  1.727 seconds
Platform modules already initialized, skipping
Refreshing native plugins compatible for Editor in 0.89 ms, found 3 plugins.
Preloading 0 native plugins for Editor in 0.00 ms.
Unloading 2356 Unused Serialized files (Serialized files now loaded: 0)
System memory in use before: 106.4 MB.
System memory in use after: 106.3 MB.

Unloading 23 unused Assets to reduce memory usage. Loaded Objects now: 2994.
Total: 3.624000 ms (FindLiveObjects: 0.425900 ms CreateObjectMapping: 0.285800 ms MarkObjects: 2.583100 ms  DeleteObjects: 0.327800 ms)

========================================================================
Received Prepare
Registering precompiled user dll's ...
Registered in 0.008650 seconds.
Begin MonoManager ReloadAssembly
Native extension for LinuxStandalone target not found
Native extension for WindowsStandalone target not found
Native extension for WebGL target not found
Refreshing native plugins compatible for Editor in 0.51 ms, found 3 plugins.
Preloading 0 native plugins for Editor in 0.00 ms.
Mono: successfully reloaded assembly
- Completed reload, in  1.592 seconds
Platform modules already initialized, skipping
Refreshing native plugins compatible for Editor in 0.57 ms, found 3 plugins.
Preloading 0 native plugins for Editor in 0.00 ms.
Unloading 2356 Unused Serialized files (Serialized files now loaded: 0)
System memory in use before: 106.4 MB.
System memory in use after: 106.3 MB.

Unloading 23 unused Assets to reduce memory usage. Loaded Objects now: 2997.
Total: 4.037200 ms (FindLiveObjects: 0.394500 ms CreateObjectMapping: 0.133600 ms MarkObjects: 3.177400 ms  DeleteObjects: 0.329900 ms)

AssetImportWorkerClient::OnTransportError - code=2 error=End of file
