Using pre-set license
Built from '2020.3/staging' branch; Version is '2020.3.11f1 (99c7afb366b3) revision 10078127'; Using compiler version '192528614'; Build Type 'Release'
OS: 'Windows 10 Home; OS build 18362.1082; Version 1903; 64bit' Language: 'en' Physical Memory: 16249 MB
BatchMode: 1, IsHumanControllingUs: 0, StartBugReporterOnCrash: 0, Is64bit: 1, IsPro: 0

 COMMAND LINE ARGUMENTS:
C:\Program Files\Unity\Hub\Editor\2020.3.11f1\Editor\Unity.exe
-adb2
-batchMode
-noUpm
-name
AssetImportWorker1
-projectPath
D:/Unity Games/2153125_Imraan Arenz_Exam Game
-logFile
Logs/AssetImportWorker1.log
-srvPort
64498
Successfully changed project path to: D:/Unity Games/2153125_Imraan Arenz_Exam Game
D:/Unity Games/2153125_Imraan Arenz_Exam Game
Using Asset Import Pipeline V2.
